<?xml version='1.0'?>
<ns2:test-suite xmlns:ns2='urn:model.allure.qatools.yandex.ru' start='1637010468860' stop='1637010480964'>
    <name>Backbase Assessment</name>
    <title>Backbase Assessment</title>
    <test-cases>
        <test-case start='1637010468861' status='passed' stop='1637010471317'>
            <name>Create New Article</name>
            <title>Create New Article</title>
            <labels/>
            <parameters/>
            <steps/>
            <attachments/>
        </test-case>
        <test-case start='1637010471317' status='passed' stop='1637010474187'>
            <name>Update New Article</name>
            <title>Update New Article</title>
            <labels/>
            <parameters/>
            <steps/>
            <attachments/>
        </test-case>
        <test-case start='1637010474187' status='passed' stop='1637010476670'>
            <name>Mark Article as favourite</name>
            <title>Mark Article as favourite</title>
            <labels/>
            <parameters/>
            <steps/>
            <attachments/>
        </test-case>
        <test-case start='1637010476670' status='failed' stop='1637010478936'>
            <name>Add comments on Article</name>
            <title>Add comments on Article</title>
            <labels/>
            <parameters/>
            <steps/>
            <attachments/>
            <failure>
                <message>Failed: no such window: window was already closed
                  (Session info: chrome=95.0.4638.69)
                  (Driver info: chromedriver=95.0.4638.69 (6a1600ed572fedecd573b6c2b90a22fe6392a410-refs/branch-heads/4638@{#984}),platform=Mac OS X 11.5.2 x86_64)</message>
                <stack-trace>NoSuchWindowError: no such window: window was already closed
                  (Session info: chrome=95.0.4638.69)
                  (Driver info: chromedriver=95.0.4638.69 (6a1600ed572fedecd573b6c2b90a22fe6392a410-refs/branch-heads/4638@{#984}),platform=Mac OS X 11.5.2 x86_64)
                    at Object.checkLegacyResponse (/usr/local/lib/node_modules/protractor/node_modules/selenium-webdriver/lib/error.js:546:15)
                    at parseHttpResponse (/usr/local/lib/node_modules/protractor/node_modules/selenium-webdriver/lib/http.js:509:13)
                    at /usr/local/lib/node_modules/protractor/node_modules/selenium-webdriver/lib/http.js:441:30
                    at processTicksAndRejections (node:internal/process/task_queues:96:5)
                From: Task: WebDriver.findElements(By(css selector, [href="/profile/test24"]))
                    at Driver.schedule (/usr/local/lib/node_modules/protractor/node_modules/selenium-webdriver/lib/webdriver.js:807:17)
                    at Driver.findElements (/usr/local/lib/node_modules/protractor/node_modules/selenium-webdriver/lib/webdriver.js:1048:19)
                    at /usr/local/lib/node_modules/protractor/built/element.js:159:44
                    at ManagedPromise.invokeCallback_ (/usr/local/lib/node_modules/protractor/node_modules/selenium-webdriver/lib/promise.js:1376:14)
                    at TaskQueue.execute_ (/usr/local/lib/node_modules/protractor/node_modules/selenium-webdriver/lib/promise.js:3084:14)
                    at TaskQueue.executeNext_ (/usr/local/lib/node_modules/protractor/node_modules/selenium-webdriver/lib/promise.js:3067:27)
                    at /usr/local/lib/node_modules/protractor/node_modules/selenium-webdriver/lib/promise.js:2927:27
                    at /usr/local/lib/node_modules/protractor/node_modules/selenium-webdriver/lib/promise.js:668:7
                From: Task: WebDriver.executeScript()
                    at Driver.schedule (/usr/local/lib/node_modules/protractor/node_modules/selenium-webdriver/lib/webdriver.js:807:17)
                    at Driver.executeScript (/usr/local/lib/node_modules/protractor/node_modules/selenium-webdriver/lib/webdriver.js:878:16)
                    at run (/usr/local/lib/node_modules/protractor/built/browser.js:58:33)
                    at ProtractorBrowser.to.&lt;computed> (/usr/local/lib/node_modules/protractor/built/browser.js:66:16)
                    at addNewComment.clickCandidateProfile (/Users/ddsouza/Dropbox/Mac/Desktop/BackbaseAssessment/e2e/pages/addNewComment.js:50:17)
                    at UserContext.&lt;anonymous> (/Users/ddsouza/Dropbox/Mac/Desktop/BackbaseAssessment/e2e/tests/spec.js:121:23)
                    at /usr/local/lib/node_modules/protractor/node_modules/jasminewd2/index.js:112:25
                    at new ManagedPromise (/usr/local/lib/node_modules/protractor/node_modules/selenium-webdriver/lib/promise.js:1077:7)
                    at ControlFlow.promise (/usr/local/lib/node_modules/protractor/node_modules/selenium-webdriver/lib/promise.js:2505:12)
                    at schedulerExecute (/usr/local/lib/node_modules/protractor/node_modules/jasminewd2/index.js:95:18)
                From: Task: Run it("Add comments on Article") in control flow
                    at UserContext.&lt;anonymous> (/usr/local/lib/node_modules/protractor/node_modules/jasminewd2/index.js:94:19)
                    at attempt (/usr/local/lib/node_modules/protractor/node_modules/jasmine-core/lib/jasmine-core/jasmine.js:4297:26)
                    at QueueRunner.run (/usr/local/lib/node_modules/protractor/node_modules/jasmine-core/lib/jasmine-core/jasmine.js:4217:20)
                    at runNext (/usr/local/lib/node_modules/protractor/node_modules/jasmine-core/lib/jasmine-core/jasmine.js:4257:20)
                    at /usr/local/lib/node_modules/protractor/node_modules/jasmine-core/lib/jasmine-core/jasmine.js:4264:13
                    at /usr/local/lib/node_modules/protractor/node_modules/jasmine-core/lib/jasmine-core/jasmine.js:4172:9
                    at /usr/local/lib/node_modules/protractor/node_modules/jasminewd2/index.js:64:48
                    at ControlFlow.emit (/usr/local/lib/node_modules/protractor/node_modules/selenium-webdriver/lib/events.js:62:21)
                    at ControlFlow.shutdown_ (/usr/local/lib/node_modules/protractor/node_modules/selenium-webdriver/lib/promise.js:2674:10)
                    at /usr/local/lib/node_modules/protractor/node_modules/selenium-webdriver/lib/promise.js:2599:53
                From asynchronous test: 
                Error
                    at Suite.&lt;anonymous> (/Users/ddsouza/Dropbox/Mac/Desktop/BackbaseAssessment/e2e/tests/spec.js:109:5)
                    at addSpecsToSuite (/usr/local/lib/node_modules/protractor/node_modules/jasmine-core/lib/jasmine-core/jasmine.js:1107:25)
                    at Env.describe (/usr/local/lib/node_modules/protractor/node_modules/jasmine-core/lib/jasmine-core/jasmine.js:1074:7)
                    at describe (/usr/local/lib/node_modules/protractor/node_modules/jasmine-core/lib/jasmine-core/jasmine.js:4399:18)
                    at Object.&lt;anonymous> (/Users/ddsouza/Dropbox/Mac/Desktop/BackbaseAssessment/e2e/tests/spec.js:24:1)
                    at Module._compile (node:internal/modules/cjs/loader:1101:14)
                    at Object.Module._extensions..js (node:internal/modules/cjs/loader:1153:10)
                    at Module.load (node:internal/modules/cjs/loader:981:32)
                    at Function.Module._load (node:internal/modules/cjs/loader:822:12)</stack-trace>
            </failure>
        </test-case>
        <test-case start='1637010478936' status='failed' stop='1637010480963'>
            <name>Delete Article</name>
            <title>Delete Article</title>
            <labels/>
            <parameters/>
            <steps/>
            <attachments/>
            <failure>
                <message>NoSuchWindowError: no such window: window was already closed
                  (Session info: chrome=95.0.4638.69)
                  (Driver info: chromedriver=95.0.4638.69 (6a1600ed572fedecd573b6c2b90a22fe6392a410-refs/branch-heads/4638@{#984}),platform=Mac OS X 11.5.2 x86_64)</message>
                <stack-trace>NoSuchWindowError: no such window: window was already closed
                  (Session info: chrome=95.0.4638.69)
                  (Driver info: chromedriver=95.0.4638.69 (6a1600ed572fedecd573b6c2b90a22fe6392a410-refs/branch-heads/4638@{#984}),platform=Mac OS X 11.5.2 x86_64)
                    at Object.checkLegacyResponse (/usr/local/lib/node_modules/protractor/node_modules/selenium-webdriver/lib/error.js:546:15)
                    at parseHttpResponse (/usr/local/lib/node_modules/protractor/node_modules/selenium-webdriver/lib/http.js:509:13)
                    at /usr/local/lib/node_modules/protractor/node_modules/selenium-webdriver/lib/http.js:441:30
                    at processTicksAndRejections (node:internal/process/task_queues:96:5)
                From: Task: WebDriver.takeScreenshot()
                    at Driver.schedule (/usr/local/lib/node_modules/protractor/node_modules/selenium-webdriver/lib/webdriver.js:807:17)
                    at Driver.takeScreenshot (/usr/local/lib/node_modules/protractor/node_modules/selenium-webdriver/lib/webdriver.js:1085:17)
                    at run (/usr/local/lib/node_modules/protractor/built/browser.js:58:33)
                    at ProtractorBrowser.to.&lt;computed> [as takeScreenshot] (/usr/local/lib/node_modules/protractor/built/browser.js:66:16)
                    at /Users/ddsouza/Dropbox/Mac/Desktop/BackbaseAssessment/node_modules/protractor-jasmine2-screenshot-reporter/index.js:600:23
                    at /Users/ddsouza/Dropbox/Mac/Desktop/BackbaseAssessment/node_modules/lodash/lodash.js:4967:15
                    at baseForOwn (/Users/ddsouza/Dropbox/Mac/Desktop/BackbaseAssessment/node_modules/lodash/lodash.js:3032:24)
                    at /Users/ddsouza/Dropbox/Mac/Desktop/BackbaseAssessment/node_modules/lodash/lodash.js:4936:18
                    at Function.forEach (/Users/ddsouza/Dropbox/Mac/Desktop/BackbaseAssessment/node_modules/lodash/lodash.js:9410:14)
                    at Jasmine2ScreenShotReporter.specDone (/Users/ddsouza/Dropbox/Mac/Desktop/BackbaseAssessment/node_modules/protractor-jasmine2-screenshot-reporter/index.js:596:7)</stack-trace>
            </failure>
        </test-case>
    </test-cases>
</ns2:test-suite>