<?xml version='1.0'?>
<ns2:test-suite xmlns:ns2='urn:model.allure.qatools.yandex.ru' start='1636931186064' stop='1636931198897'>
    <name>Backbase Assessment</name>
    <title>Backbase Assessment</title>
    <test-cases>
        <test-case start='1636931186065' status='passed' stop='1636931190042'>
            <name>Create New Article</name>
            <title>Create New Article</title>
            <labels/>
            <parameters/>
            <steps/>
            <attachments/>
        </test-case>
        <test-case start='1636931190042' status='failed' stop='1636931198852'>
            <name>Update New Article</name>
            <title>Update New Article</title>
            <labels/>
            <parameters/>
            <steps/>
            <attachments/>
            <failure>
                <message>Failed: no such window: window was already closed
                  (Session info: chrome=95.0.4638.69)
                  (Driver info: chromedriver=95.0.4638.69 (6a1600ed572fedecd573b6c2b90a22fe6392a410-refs/branch-heads/4638@{#984}),platform=Mac OS X 11.5.2 x86_64)</message>
                <stack-trace>NoSuchWindowError: no such window: window was already closed
                  (Session info: chrome=95.0.4638.69)
                  (Driver info: chromedriver=95.0.4638.69 (6a1600ed572fedecd573b6c2b90a22fe6392a410-refs/branch-heads/4638@{#984}),platform=Mac OS X 11.5.2 x86_64)
                    at Object.checkLegacyResponse (/Users/ddsouza/Dropbox/Mac/Desktop/BackbaseAssessment/node_modules/selenium-webdriver/lib/error.js:546:15)
                    at parseHttpResponse (/Users/ddsouza/Dropbox/Mac/Desktop/BackbaseAssessment/node_modules/selenium-webdriver/lib/http.js:509:13)
                    at /Users/ddsouza/Dropbox/Mac/Desktop/BackbaseAssessment/node_modules/selenium-webdriver/lib/http.js:441:30
                    at processTicksAndRejections (node:internal/process/task_queues:96:5)
                From: Task: WebDriver.findElements(By(xpath, //button[normalize-space()="Publish Article"]))
                    at Driver.schedule (/Users/ddsouza/Dropbox/Mac/Desktop/BackbaseAssessment/node_modules/selenium-webdriver/lib/webdriver.js:807:17)
                    at Driver.findElements (/Users/ddsouza/Dropbox/Mac/Desktop/BackbaseAssessment/node_modules/selenium-webdriver/lib/webdriver.js:1048:19)
                    at /Users/ddsouza/Dropbox/Mac/Desktop/BackbaseAssessment/node_modules/protractor/built/element.js:159:44
                    at ManagedPromise.invokeCallback_ (/Users/ddsouza/Dropbox/Mac/Desktop/BackbaseAssessment/node_modules/selenium-webdriver/lib/promise.js:1376:14)
                    at TaskQueue.execute_ (/Users/ddsouza/Dropbox/Mac/Desktop/BackbaseAssessment/node_modules/selenium-webdriver/lib/promise.js:3084:14)
                    at TaskQueue.executeNext_ (/Users/ddsouza/Dropbox/Mac/Desktop/BackbaseAssessment/node_modules/selenium-webdriver/lib/promise.js:3067:27)
                    at /Users/ddsouza/Dropbox/Mac/Desktop/BackbaseAssessment/node_modules/selenium-webdriver/lib/promise.js:2927:27
                    at /Users/ddsouza/Dropbox/Mac/Desktop/BackbaseAssessment/node_modules/selenium-webdriver/lib/promise.js:668:7
                From: Task: WebDriver.executeScript()
                    at Driver.schedule (/Users/ddsouza/Dropbox/Mac/Desktop/BackbaseAssessment/node_modules/selenium-webdriver/lib/webdriver.js:807:17)
                    at Driver.executeScript (/Users/ddsouza/Dropbox/Mac/Desktop/BackbaseAssessment/node_modules/selenium-webdriver/lib/webdriver.js:878:16)
                    at run (/Users/ddsouza/Dropbox/Mac/Desktop/BackbaseAssessment/node_modules/protractor/built/browser.js:58:33)
                    at ProtractorBrowser.to.&lt;computed> (/Users/ddsouza/Dropbox/Mac/Desktop/BackbaseAssessment/node_modules/protractor/built/browser.js:66:16)
                    at updateNewArticle.clickPublishArticleButton (/Users/ddsouza/Dropbox/Mac/Desktop/BackbaseAssessment/e2e/pages/updateNewArticle.js:53:18)
                    at UserContext.&lt;anonymous> (/Users/ddsouza/Dropbox/Mac/Desktop/BackbaseAssessment/e2e/tests/spec.js:92:26)
                    at /Users/ddsouza/Dropbox/Mac/Desktop/BackbaseAssessment/node_modules/jasminewd2/index.js:112:25
                    at new ManagedPromise (/Users/ddsouza/Dropbox/Mac/Desktop/BackbaseAssessment/node_modules/selenium-webdriver/lib/promise.js:1077:7)
                    at ControlFlow.promise (/Users/ddsouza/Dropbox/Mac/Desktop/BackbaseAssessment/node_modules/selenium-webdriver/lib/promise.js:2505:12)
                    at schedulerExecute (/Users/ddsouza/Dropbox/Mac/Desktop/BackbaseAssessment/node_modules/jasminewd2/index.js:95:18)
                From: Task: Run it("Update New Article") in control flow
                    at UserContext.&lt;anonymous> (/Users/ddsouza/Dropbox/Mac/Desktop/BackbaseAssessment/node_modules/jasminewd2/index.js:94:19)
                    at attempt (/Users/ddsouza/Dropbox/Mac/Desktop/BackbaseAssessment/node_modules/protractor/node_modules/jasmine-core/lib/jasmine-core/jasmine.js:4297:26)
                    at QueueRunner.run (/Users/ddsouza/Dropbox/Mac/Desktop/BackbaseAssessment/node_modules/protractor/node_modules/jasmine-core/lib/jasmine-core/jasmine.js:4217:20)
                    at runNext (/Users/ddsouza/Dropbox/Mac/Desktop/BackbaseAssessment/node_modules/protractor/node_modules/jasmine-core/lib/jasmine-core/jasmine.js:4257:20)
                    at /Users/ddsouza/Dropbox/Mac/Desktop/BackbaseAssessment/node_modules/protractor/node_modules/jasmine-core/lib/jasmine-core/jasmine.js:4264:13
                    at /Users/ddsouza/Dropbox/Mac/Desktop/BackbaseAssessment/node_modules/protractor/node_modules/jasmine-core/lib/jasmine-core/jasmine.js:4172:9
                    at /Users/ddsouza/Dropbox/Mac/Desktop/BackbaseAssessment/node_modules/jasminewd2/index.js:64:48
                    at ControlFlow.emit (/Users/ddsouza/Dropbox/Mac/Desktop/BackbaseAssessment/node_modules/selenium-webdriver/lib/events.js:62:21)
                    at ControlFlow.shutdown_ (/Users/ddsouza/Dropbox/Mac/Desktop/BackbaseAssessment/node_modules/selenium-webdriver/lib/promise.js:2674:10)
                    at /Users/ddsouza/Dropbox/Mac/Desktop/BackbaseAssessment/node_modules/selenium-webdriver/lib/promise.js:2599:53
                From asynchronous test: 
                Error
                    at Suite.&lt;anonymous> (/Users/ddsouza/Dropbox/Mac/Desktop/BackbaseAssessment/e2e/tests/spec.js:57:5)
                    at addSpecsToSuite (/Users/ddsouza/Dropbox/Mac/Desktop/BackbaseAssessment/node_modules/protractor/node_modules/jasmine-core/lib/jasmine-core/jasmine.js:1107:25)
                    at Env.describe (/Users/ddsouza/Dropbox/Mac/Desktop/BackbaseAssessment/node_modules/protractor/node_modules/jasmine-core/lib/jasmine-core/jasmine.js:1074:7)
                    at describe (/Users/ddsouza/Dropbox/Mac/Desktop/BackbaseAssessment/node_modules/protractor/node_modules/jasmine-core/lib/jasmine-core/jasmine.js:4399:18)
                    at Object.&lt;anonymous> (/Users/ddsouza/Dropbox/Mac/Desktop/BackbaseAssessment/e2e/tests/spec.js:17:1)
                    at Module._compile (node:internal/modules/cjs/loader:1101:14)
                    at Object.Module._extensions..js (node:internal/modules/cjs/loader:1153:10)
                    at Module.load (node:internal/modules/cjs/loader:981:32)
                    at Function.Module._load (node:internal/modules/cjs/loader:822:12)</stack-trace>
            </failure>
        </test-case>
        <test-case start='1636931198852' status='failed' stop='1636931198877'>
            <name>Delete Article</name>
            <title>Delete Article</title>
            <labels/>
            <parameters/>
            <steps/>
            <attachments/>
            <failure>
                <message>NoSuchWindowError: no such window: window was already closed
                  (Session info: chrome=95.0.4638.69)
                  (Driver info: chromedriver=95.0.4638.69 (6a1600ed572fedecd573b6c2b90a22fe6392a410-refs/branch-heads/4638@{#984}),platform=Mac OS X 11.5.2 x86_64)</message>
                <stack-trace>NoSuchWindowError: no such window: window was already closed
                  (Session info: chrome=95.0.4638.69)
                  (Driver info: chromedriver=95.0.4638.69 (6a1600ed572fedecd573b6c2b90a22fe6392a410-refs/branch-heads/4638@{#984}),platform=Mac OS X 11.5.2 x86_64)
                    at Object.checkLegacyResponse (/Users/ddsouza/Dropbox/Mac/Desktop/BackbaseAssessment/node_modules/selenium-webdriver/lib/error.js:546:15)
                    at parseHttpResponse (/Users/ddsouza/Dropbox/Mac/Desktop/BackbaseAssessment/node_modules/selenium-webdriver/lib/http.js:509:13)
                    at /Users/ddsouza/Dropbox/Mac/Desktop/BackbaseAssessment/node_modules/selenium-webdriver/lib/http.js:441:30
                    at processTicksAndRejections (node:internal/process/task_queues:96:5)
                From: Task: WebDriver.takeScreenshot()
                    at Driver.schedule (/Users/ddsouza/Dropbox/Mac/Desktop/BackbaseAssessment/node_modules/selenium-webdriver/lib/webdriver.js:807:17)
                    at Driver.takeScreenshot (/Users/ddsouza/Dropbox/Mac/Desktop/BackbaseAssessment/node_modules/selenium-webdriver/lib/webdriver.js:1085:17)
                    at run (/Users/ddsouza/Dropbox/Mac/Desktop/BackbaseAssessment/node_modules/protractor/built/browser.js:58:33)
                    at ProtractorBrowser.to.&lt;computed> [as takeScreenshot] (/Users/ddsouza/Dropbox/Mac/Desktop/BackbaseAssessment/node_modules/protractor/built/browser.js:66:16)
                    at /Users/ddsouza/Dropbox/Mac/Desktop/BackbaseAssessment/node_modules/protractor-jasmine2-screenshot-reporter/index.js:600:23
                    at /Users/ddsouza/Dropbox/Mac/Desktop/BackbaseAssessment/node_modules/lodash/lodash.js:4967:15
                    at baseForOwn (/Users/ddsouza/Dropbox/Mac/Desktop/BackbaseAssessment/node_modules/lodash/lodash.js:3032:24)
                    at /Users/ddsouza/Dropbox/Mac/Desktop/BackbaseAssessment/node_modules/lodash/lodash.js:4936:18
                    at Function.forEach (/Users/ddsouza/Dropbox/Mac/Desktop/BackbaseAssessment/node_modules/lodash/lodash.js:9410:14)
                    at Jasmine2ScreenShotReporter.specDone (/Users/ddsouza/Dropbox/Mac/Desktop/BackbaseAssessment/node_modules/protractor-jasmine2-screenshot-reporter/index.js:596:7)</stack-trace>
            </failure>
        </test-case>
        <test-case start='1636931198877' status='failed' stop='1636931198896'>
            <name>Mark Article as favourite</name>
            <title>Mark Article as favourite</title>
            <labels/>
            <parameters/>
            <steps/>
            <attachments/>
            <failure>
                <message>NoSuchWindowError: no such window: window was already closed
                  (Session info: chrome=95.0.4638.69)
                  (Driver info: chromedriver=95.0.4638.69 (6a1600ed572fedecd573b6c2b90a22fe6392a410-refs/branch-heads/4638@{#984}),platform=Mac OS X 11.5.2 x86_64)</message>
                <stack-trace>NoSuchWindowError: no such window: window was already closed
                  (Session info: chrome=95.0.4638.69)
                  (Driver info: chromedriver=95.0.4638.69 (6a1600ed572fedecd573b6c2b90a22fe6392a410-refs/branch-heads/4638@{#984}),platform=Mac OS X 11.5.2 x86_64)
                    at Object.checkLegacyResponse (/Users/ddsouza/Dropbox/Mac/Desktop/BackbaseAssessment/node_modules/selenium-webdriver/lib/error.js:546:15)
                    at parseHttpResponse (/Users/ddsouza/Dropbox/Mac/Desktop/BackbaseAssessment/node_modules/selenium-webdriver/lib/http.js:509:13)
                    at /Users/ddsouza/Dropbox/Mac/Desktop/BackbaseAssessment/node_modules/selenium-webdriver/lib/http.js:441:30
                    at processTicksAndRejections (node:internal/process/task_queues:96:5)
                From: Task: WebDriver.takeScreenshot()
                    at Driver.schedule (/Users/ddsouza/Dropbox/Mac/Desktop/BackbaseAssessment/node_modules/selenium-webdriver/lib/webdriver.js:807:17)
                    at Driver.takeScreenshot (/Users/ddsouza/Dropbox/Mac/Desktop/BackbaseAssessment/node_modules/selenium-webdriver/lib/webdriver.js:1085:17)
                    at run (/Users/ddsouza/Dropbox/Mac/Desktop/BackbaseAssessment/node_modules/protractor/built/browser.js:58:33)
                    at ProtractorBrowser.to.&lt;computed> [as takeScreenshot] (/Users/ddsouza/Dropbox/Mac/Desktop/BackbaseAssessment/node_modules/protractor/built/browser.js:66:16)
                    at /Users/ddsouza/Dropbox/Mac/Desktop/BackbaseAssessment/node_modules/protractor-jasmine2-screenshot-reporter/index.js:600:23
                    at /Users/ddsouza/Dropbox/Mac/Desktop/BackbaseAssessment/node_modules/lodash/lodash.js:4967:15
                    at baseForOwn (/Users/ddsouza/Dropbox/Mac/Desktop/BackbaseAssessment/node_modules/lodash/lodash.js:3032:24)
                    at /Users/ddsouza/Dropbox/Mac/Desktop/BackbaseAssessment/node_modules/lodash/lodash.js:4936:18
                    at Function.forEach (/Users/ddsouza/Dropbox/Mac/Desktop/BackbaseAssessment/node_modules/lodash/lodash.js:9410:14)
                    at Jasmine2ScreenShotReporter.specDone (/Users/ddsouza/Dropbox/Mac/Desktop/BackbaseAssessment/node_modules/protractor-jasmine2-screenshot-reporter/index.js:596:7)</stack-trace>
            </failure>
        </test-case>
    </test-cases>
</ns2:test-suite>