<?xml version='1.0'?>
<ns2:test-suite xmlns:ns2='urn:model.allure.qatools.yandex.ru' start='1636928934029' stop='1636928938659'>
    <name>Backbase Assessment</name>
    <title>Backbase Assessment</title>
    <test-cases>
        <test-case start='1636928934030' status='failed' stop='1636928935602'>
            <name>Create New Article</name>
            <title>Create New Article</title>
            <labels/>
            <parameters/>
            <steps/>
            <attachments/>
            <failure>
                <message>Failed: no such window: target window already closed
                from unknown error: web view not found
                  (Session info: chrome=95.0.4638.69)
                  (Driver info: chromedriver=95.0.4638.69 (6a1600ed572fedecd573b6c2b90a22fe6392a410-refs/branch-heads/4638@{#984}),platform=Mac OS X 11.5.2 x86_64)</message>
                <stack-trace>NoSuchWindowError: no such window: target window already closed
                from unknown error: web view not found
                  (Session info: chrome=95.0.4638.69)
                  (Driver info: chromedriver=95.0.4638.69 (6a1600ed572fedecd573b6c2b90a22fe6392a410-refs/branch-heads/4638@{#984}),platform=Mac OS X 11.5.2 x86_64)
                    at Object.checkLegacyResponse (/usr/local/lib/node_modules/protractor/node_modules/selenium-webdriver/lib/error.js:546:15)
                    at parseHttpResponse (/usr/local/lib/node_modules/protractor/node_modules/selenium-webdriver/lib/http.js:509:13)
                    at /usr/local/lib/node_modules/protractor/node_modules/selenium-webdriver/lib/http.js:441:30
                    at processTicksAndRejections (node:internal/process/task_queues:96:5)
                From: Task: WebDriver.getTitle()
                    at Driver.schedule (/usr/local/lib/node_modules/protractor/node_modules/selenium-webdriver/lib/webdriver.js:807:17)
                    at Driver.getTitle (/usr/local/lib/node_modules/protractor/node_modules/selenium-webdriver/lib/webdriver.js:1000:17)
                    at run (/usr/local/lib/node_modules/protractor/built/browser.js:58:33)
                    at ManagedPromise.invokeCallback_ (/usr/local/lib/node_modules/protractor/node_modules/selenium-webdriver/lib/promise.js:1376:14)
                    at TaskQueue.execute_ (/usr/local/lib/node_modules/protractor/node_modules/selenium-webdriver/lib/promise.js:3084:14)
                    at TaskQueue.executeNext_ (/usr/local/lib/node_modules/protractor/node_modules/selenium-webdriver/lib/promise.js:3067:27)
                    at /usr/local/lib/node_modules/protractor/node_modules/selenium-webdriver/lib/promise.js:2927:27
                    at /usr/local/lib/node_modules/protractor/node_modules/selenium-webdriver/lib/promise.js:668:7
                    at processTicksAndRejections (node:internal/process/task_queues:96:5)
                From: Task: Run beforeEach in control flow
                    at UserContext.&lt;anonymous> (/usr/local/lib/node_modules/protractor/node_modules/jasminewd2/index.js:94:19)
                    at attempt (/usr/local/lib/node_modules/protractor/node_modules/jasmine-core/lib/jasmine-core/jasmine.js:4297:26)
                    at QueueRunner.run (/usr/local/lib/node_modules/protractor/node_modules/jasmine-core/lib/jasmine-core/jasmine.js:4217:20)
                    at QueueRunner.execute (/usr/local/lib/node_modules/protractor/node_modules/jasmine-core/lib/jasmine-core/jasmine.js:4199:10)
                    at Spec.queueRunnerFactory (/usr/local/lib/node_modules/protractor/node_modules/jasmine-core/lib/jasmine-core/jasmine.js:909:35)
                    at Spec.execute (/usr/local/lib/node_modules/protractor/node_modules/jasmine-core/lib/jasmine-core/jasmine.js:526:10)
                    at UserContext.fn (/usr/local/lib/node_modules/protractor/node_modules/jasmine-core/lib/jasmine-core/jasmine.js:5340:37)
                    at attempt (/usr/local/lib/node_modules/protractor/node_modules/jasmine-core/lib/jasmine-core/jasmine.js:4297:26)
                    at QueueRunner.run (/usr/local/lib/node_modules/protractor/node_modules/jasmine-core/lib/jasmine-core/jasmine.js:4217:20)
                    at QueueRunner.execute (/usr/local/lib/node_modules/protractor/node_modules/jasmine-core/lib/jasmine-core/jasmine.js:4199:10)
                From asynchronous test: 
                Error
                    at Suite.&lt;anonymous> (/Users/ddsouza/Dropbox/Mac/Desktop/BackbaseAssessment/tests/spec.js:23:5)
                    at addSpecsToSuite (/usr/local/lib/node_modules/protractor/node_modules/jasmine-core/lib/jasmine-core/jasmine.js:1107:25)
                    at Env.describe (/usr/local/lib/node_modules/protractor/node_modules/jasmine-core/lib/jasmine-core/jasmine.js:1074:7)
                    at describe (/usr/local/lib/node_modules/protractor/node_modules/jasmine-core/lib/jasmine-core/jasmine.js:4399:18)
                    at Object.&lt;anonymous> (/Users/ddsouza/Dropbox/Mac/Desktop/BackbaseAssessment/tests/spec.js:17:1)
                    at Module._compile (node:internal/modules/cjs/loader:1101:14)
                    at Object.Module._extensions..js (node:internal/modules/cjs/loader:1153:10)
                    at Module.load (node:internal/modules/cjs/loader:981:32)
                    at Function.Module._load (node:internal/modules/cjs/loader:822:12)</stack-trace>
            </failure>
        </test-case>
        <test-case start='1636928935603' status='failed' stop='1636928938627'>
            <name>Update New Article</name>
            <title>Update New Article</title>
            <labels/>
            <parameters/>
            <steps/>
            <attachments/>
            <failure>
                <message>NoSuchWindowError: no such window: target window already closed
                from unknown error: web view not found
                  (Session info: chrome=95.0.4638.69)
                  (Driver info: chromedriver=95.0.4638.69 (6a1600ed572fedecd573b6c2b90a22fe6392a410-refs/branch-heads/4638@{#984}),platform=Mac OS X 11.5.2 x86_64)</message>
                <stack-trace>NoSuchWindowError: no such window: target window already closed
                from unknown error: web view not found
                  (Session info: chrome=95.0.4638.69)
                  (Driver info: chromedriver=95.0.4638.69 (6a1600ed572fedecd573b6c2b90a22fe6392a410-refs/branch-heads/4638@{#984}),platform=Mac OS X 11.5.2 x86_64)
                    at Object.checkLegacyResponse (/usr/local/lib/node_modules/protractor/node_modules/selenium-webdriver/lib/error.js:546:15)
                    at parseHttpResponse (/usr/local/lib/node_modules/protractor/node_modules/selenium-webdriver/lib/http.js:509:13)
                    at /usr/local/lib/node_modules/protractor/node_modules/selenium-webdriver/lib/http.js:441:30
                    at processTicksAndRejections (node:internal/process/task_queues:96:5)
                From: Task: WebDriver.takeScreenshot()
                    at Driver.schedule (/usr/local/lib/node_modules/protractor/node_modules/selenium-webdriver/lib/webdriver.js:807:17)
                    at Driver.takeScreenshot (/usr/local/lib/node_modules/protractor/node_modules/selenium-webdriver/lib/webdriver.js:1085:17)
                    at run (/usr/local/lib/node_modules/protractor/built/browser.js:58:33)
                    at ProtractorBrowser.to.&lt;computed> [as takeScreenshot] (/usr/local/lib/node_modules/protractor/built/browser.js:66:16)
                    at /Users/ddsouza/Dropbox/Mac/Desktop/BackbaseAssessment/node_modules/protractor-jasmine2-screenshot-reporter/index.js:600:23
                    at /Users/ddsouza/Dropbox/Mac/Desktop/BackbaseAssessment/node_modules/lodash/lodash.js:4967:15
                    at baseForOwn (/Users/ddsouza/Dropbox/Mac/Desktop/BackbaseAssessment/node_modules/lodash/lodash.js:3032:24)
                    at /Users/ddsouza/Dropbox/Mac/Desktop/BackbaseAssessment/node_modules/lodash/lodash.js:4936:18
                    at Function.forEach (/Users/ddsouza/Dropbox/Mac/Desktop/BackbaseAssessment/node_modules/lodash/lodash.js:9410:14)
                    at Jasmine2ScreenShotReporter.specDone (/Users/ddsouza/Dropbox/Mac/Desktop/BackbaseAssessment/node_modules/protractor-jasmine2-screenshot-reporter/index.js:596:7)</stack-trace>
            </failure>
        </test-case>
        <test-case start='1636928938627' status='failed' stop='1636928938643'>
            <name>Delete Article</name>
            <title>Delete Article</title>
            <labels/>
            <parameters/>
            <steps/>
            <attachments/>
            <failure>
                <message>NoSuchWindowError: no such window: target window already closed
                from unknown error: web view not found
                  (Session info: chrome=95.0.4638.69)
                  (Driver info: chromedriver=95.0.4638.69 (6a1600ed572fedecd573b6c2b90a22fe6392a410-refs/branch-heads/4638@{#984}),platform=Mac OS X 11.5.2 x86_64)</message>
                <stack-trace>NoSuchWindowError: no such window: target window already closed
                from unknown error: web view not found
                  (Session info: chrome=95.0.4638.69)
                  (Driver info: chromedriver=95.0.4638.69 (6a1600ed572fedecd573b6c2b90a22fe6392a410-refs/branch-heads/4638@{#984}),platform=Mac OS X 11.5.2 x86_64)
                    at Object.checkLegacyResponse (/usr/local/lib/node_modules/protractor/node_modules/selenium-webdriver/lib/error.js:546:15)
                    at parseHttpResponse (/usr/local/lib/node_modules/protractor/node_modules/selenium-webdriver/lib/http.js:509:13)
                    at /usr/local/lib/node_modules/protractor/node_modules/selenium-webdriver/lib/http.js:441:30
                    at processTicksAndRejections (node:internal/process/task_queues:96:5)
                From: Task: WebDriver.takeScreenshot()
                    at Driver.schedule (/usr/local/lib/node_modules/protractor/node_modules/selenium-webdriver/lib/webdriver.js:807:17)
                    at Driver.takeScreenshot (/usr/local/lib/node_modules/protractor/node_modules/selenium-webdriver/lib/webdriver.js:1085:17)
                    at run (/usr/local/lib/node_modules/protractor/built/browser.js:58:33)
                    at ProtractorBrowser.to.&lt;computed> [as takeScreenshot] (/usr/local/lib/node_modules/protractor/built/browser.js:66:16)
                    at /Users/ddsouza/Dropbox/Mac/Desktop/BackbaseAssessment/node_modules/protractor-jasmine2-screenshot-reporter/index.js:600:23
                    at /Users/ddsouza/Dropbox/Mac/Desktop/BackbaseAssessment/node_modules/lodash/lodash.js:4967:15
                    at baseForOwn (/Users/ddsouza/Dropbox/Mac/Desktop/BackbaseAssessment/node_modules/lodash/lodash.js:3032:24)
                    at /Users/ddsouza/Dropbox/Mac/Desktop/BackbaseAssessment/node_modules/lodash/lodash.js:4936:18
                    at Function.forEach (/Users/ddsouza/Dropbox/Mac/Desktop/BackbaseAssessment/node_modules/lodash/lodash.js:9410:14)
                    at Jasmine2ScreenShotReporter.specDone (/Users/ddsouza/Dropbox/Mac/Desktop/BackbaseAssessment/node_modules/protractor-jasmine2-screenshot-reporter/index.js:596:7)</stack-trace>
            </failure>
        </test-case>
        <test-case start='1636928938643' status='failed' stop='1636928938658'>
            <name>Mark Article as favourite</name>
            <title>Mark Article as favourite</title>
            <labels/>
            <parameters/>
            <steps/>
            <attachments/>
            <failure>
                <message>NoSuchWindowError: no such window: target window already closed
                from unknown error: web view not found
                  (Session info: chrome=95.0.4638.69)
                  (Driver info: chromedriver=95.0.4638.69 (6a1600ed572fedecd573b6c2b90a22fe6392a410-refs/branch-heads/4638@{#984}),platform=Mac OS X 11.5.2 x86_64)</message>
                <stack-trace>NoSuchWindowError: no such window: target window already closed
                from unknown error: web view not found
                  (Session info: chrome=95.0.4638.69)
                  (Driver info: chromedriver=95.0.4638.69 (6a1600ed572fedecd573b6c2b90a22fe6392a410-refs/branch-heads/4638@{#984}),platform=Mac OS X 11.5.2 x86_64)
                    at Object.checkLegacyResponse (/usr/local/lib/node_modules/protractor/node_modules/selenium-webdriver/lib/error.js:546:15)
                    at parseHttpResponse (/usr/local/lib/node_modules/protractor/node_modules/selenium-webdriver/lib/http.js:509:13)
                    at /usr/local/lib/node_modules/protractor/node_modules/selenium-webdriver/lib/http.js:441:30
                    at processTicksAndRejections (node:internal/process/task_queues:96:5)
                From: Task: WebDriver.takeScreenshot()
                    at Driver.schedule (/usr/local/lib/node_modules/protractor/node_modules/selenium-webdriver/lib/webdriver.js:807:17)
                    at Driver.takeScreenshot (/usr/local/lib/node_modules/protractor/node_modules/selenium-webdriver/lib/webdriver.js:1085:17)
                    at run (/usr/local/lib/node_modules/protractor/built/browser.js:58:33)
                    at ProtractorBrowser.to.&lt;computed> [as takeScreenshot] (/usr/local/lib/node_modules/protractor/built/browser.js:66:16)
                    at /Users/ddsouza/Dropbox/Mac/Desktop/BackbaseAssessment/node_modules/protractor-jasmine2-screenshot-reporter/index.js:600:23
                    at /Users/ddsouza/Dropbox/Mac/Desktop/BackbaseAssessment/node_modules/lodash/lodash.js:4967:15
                    at baseForOwn (/Users/ddsouza/Dropbox/Mac/Desktop/BackbaseAssessment/node_modules/lodash/lodash.js:3032:24)
                    at /Users/ddsouza/Dropbox/Mac/Desktop/BackbaseAssessment/node_modules/lodash/lodash.js:4936:18
                    at Function.forEach (/Users/ddsouza/Dropbox/Mac/Desktop/BackbaseAssessment/node_modules/lodash/lodash.js:9410:14)
                    at Jasmine2ScreenShotReporter.specDone (/Users/ddsouza/Dropbox/Mac/Desktop/BackbaseAssessment/node_modules/protractor-jasmine2-screenshot-reporter/index.js:596:7)</stack-trace>
            </failure>
        </test-case>
    </test-cases>
</ns2:test-suite>