<?xml version='1.0'?>
<ns2:test-suite xmlns:ns2='urn:model.allure.qatools.yandex.ru' start='1636929560029' stop='1636929564750'>
    <name>Backbase Assessment</name>
    <title>Backbase Assessment</title>
    <test-cases>
        <test-case start='1636929560030' status='failed' stop='1636929561683'>
            <name>Create New Article</name>
            <title>Create New Article</title>
            <labels/>
            <parameters/>
            <steps/>
            <attachments/>
            <failure>
                <message>Expected null to equal 'Conduit'.</message>
                <stack-trace>Error: Failed expectation
                    at UserContext.&lt;anonymous> (/Users/ddsouza/Dropbox/Mac/Desktop/BackbaseAssessment/tests/spec.js:25:36)
                    at /Users/ddsouza/Dropbox/Mac/Desktop/BackbaseAssessment/node_modules/jasminewd2/index.js:112:25
                    at new ManagedPromise (/Users/ddsouza/Dropbox/Mac/Desktop/BackbaseAssessment/node_modules/selenium-webdriver/lib/promise.js:1077:7)
                    at ControlFlow.promise (/Users/ddsouza/Dropbox/Mac/Desktop/BackbaseAssessment/node_modules/selenium-webdriver/lib/promise.js:2505:12)
                    at schedulerExecute (/Users/ddsouza/Dropbox/Mac/Desktop/BackbaseAssessment/node_modules/jasminewd2/index.js:95:18)
                    at TaskQueue.execute_ (/Users/ddsouza/Dropbox/Mac/Desktop/BackbaseAssessment/node_modules/selenium-webdriver/lib/promise.js:3084:14)
                    at TaskQueue.executeNext_ (/Users/ddsouza/Dropbox/Mac/Desktop/BackbaseAssessment/node_modules/selenium-webdriver/lib/promise.js:3067:27)
                    at /Users/ddsouza/Dropbox/Mac/Desktop/BackbaseAssessment/node_modules/selenium-webdriver/lib/promise.js:2927:27
                    at /Users/ddsouza/Dropbox/Mac/Desktop/BackbaseAssessment/node_modules/selenium-webdriver/lib/promise.js:668:7</stack-trace>
            </failure>
        </test-case>
        <test-case start='1636929561683' status='failed' stop='1636929564725'>
            <name>Update New Article</name>
            <title>Update New Article</title>
            <labels/>
            <parameters/>
            <steps/>
            <attachments/>
            <failure>
                <message>NoSuchWindowError: no such window: target window already closed
                from unknown error: web view not found
                  (Session info: chrome=95.0.4638.69)
                  (Driver info: chromedriver=95.0.4638.69 (6a1600ed572fedecd573b6c2b90a22fe6392a410-refs/branch-heads/4638@{#984}),platform=Mac OS X 11.5.2 x86_64)</message>
                <stack-trace>NoSuchWindowError: no such window: target window already closed
                from unknown error: web view not found
                  (Session info: chrome=95.0.4638.69)
                  (Driver info: chromedriver=95.0.4638.69 (6a1600ed572fedecd573b6c2b90a22fe6392a410-refs/branch-heads/4638@{#984}),platform=Mac OS X 11.5.2 x86_64)
                    at Object.checkLegacyResponse (/Users/ddsouza/Dropbox/Mac/Desktop/BackbaseAssessment/node_modules/selenium-webdriver/lib/error.js:546:15)
                    at parseHttpResponse (/Users/ddsouza/Dropbox/Mac/Desktop/BackbaseAssessment/node_modules/selenium-webdriver/lib/http.js:509:13)
                    at /Users/ddsouza/Dropbox/Mac/Desktop/BackbaseAssessment/node_modules/selenium-webdriver/lib/http.js:441:30
                    at processTicksAndRejections (node:internal/process/task_queues:96:5)
                From: Task: WebDriver.takeScreenshot()
                    at Driver.schedule (/Users/ddsouza/Dropbox/Mac/Desktop/BackbaseAssessment/node_modules/selenium-webdriver/lib/webdriver.js:807:17)
                    at Driver.takeScreenshot (/Users/ddsouza/Dropbox/Mac/Desktop/BackbaseAssessment/node_modules/selenium-webdriver/lib/webdriver.js:1085:17)
                    at run (/Users/ddsouza/Dropbox/Mac/Desktop/BackbaseAssessment/node_modules/protractor/built/browser.js:58:33)
                    at ProtractorBrowser.to.&lt;computed> [as takeScreenshot] (/Users/ddsouza/Dropbox/Mac/Desktop/BackbaseAssessment/node_modules/protractor/built/browser.js:66:16)
                    at /Users/ddsouza/Dropbox/Mac/Desktop/BackbaseAssessment/node_modules/protractor-jasmine2-screenshot-reporter/index.js:600:23
                    at /Users/ddsouza/Dropbox/Mac/Desktop/BackbaseAssessment/node_modules/lodash/lodash.js:4967:15
                    at baseForOwn (/Users/ddsouza/Dropbox/Mac/Desktop/BackbaseAssessment/node_modules/lodash/lodash.js:3032:24)
                    at /Users/ddsouza/Dropbox/Mac/Desktop/BackbaseAssessment/node_modules/lodash/lodash.js:4936:18
                    at Function.forEach (/Users/ddsouza/Dropbox/Mac/Desktop/BackbaseAssessment/node_modules/lodash/lodash.js:9410:14)
                    at Jasmine2ScreenShotReporter.specDone (/Users/ddsouza/Dropbox/Mac/Desktop/BackbaseAssessment/node_modules/protractor-jasmine2-screenshot-reporter/index.js:596:7)</stack-trace>
            </failure>
        </test-case>
        <test-case start='1636929564725' status='failed' stop='1636929564738'>
            <name>Delete Article</name>
            <title>Delete Article</title>
            <labels/>
            <parameters/>
            <steps/>
            <attachments/>
            <failure>
                <message>NoSuchWindowError: no such window: target window already closed
                from unknown error: web view not found
                  (Session info: chrome=95.0.4638.69)
                  (Driver info: chromedriver=95.0.4638.69 (6a1600ed572fedecd573b6c2b90a22fe6392a410-refs/branch-heads/4638@{#984}),platform=Mac OS X 11.5.2 x86_64)</message>
                <stack-trace>NoSuchWindowError: no such window: target window already closed
                from unknown error: web view not found
                  (Session info: chrome=95.0.4638.69)
                  (Driver info: chromedriver=95.0.4638.69 (6a1600ed572fedecd573b6c2b90a22fe6392a410-refs/branch-heads/4638@{#984}),platform=Mac OS X 11.5.2 x86_64)
                    at Object.checkLegacyResponse (/Users/ddsouza/Dropbox/Mac/Desktop/BackbaseAssessment/node_modules/selenium-webdriver/lib/error.js:546:15)
                    at parseHttpResponse (/Users/ddsouza/Dropbox/Mac/Desktop/BackbaseAssessment/node_modules/selenium-webdriver/lib/http.js:509:13)
                    at /Users/ddsouza/Dropbox/Mac/Desktop/BackbaseAssessment/node_modules/selenium-webdriver/lib/http.js:441:30
                    at processTicksAndRejections (node:internal/process/task_queues:96:5)
                From: Task: WebDriver.takeScreenshot()
                    at Driver.schedule (/Users/ddsouza/Dropbox/Mac/Desktop/BackbaseAssessment/node_modules/selenium-webdriver/lib/webdriver.js:807:17)
                    at Driver.takeScreenshot (/Users/ddsouza/Dropbox/Mac/Desktop/BackbaseAssessment/node_modules/selenium-webdriver/lib/webdriver.js:1085:17)
                    at run (/Users/ddsouza/Dropbox/Mac/Desktop/BackbaseAssessment/node_modules/protractor/built/browser.js:58:33)
                    at ProtractorBrowser.to.&lt;computed> [as takeScreenshot] (/Users/ddsouza/Dropbox/Mac/Desktop/BackbaseAssessment/node_modules/protractor/built/browser.js:66:16)
                    at /Users/ddsouza/Dropbox/Mac/Desktop/BackbaseAssessment/node_modules/protractor-jasmine2-screenshot-reporter/index.js:600:23
                    at /Users/ddsouza/Dropbox/Mac/Desktop/BackbaseAssessment/node_modules/lodash/lodash.js:4967:15
                    at baseForOwn (/Users/ddsouza/Dropbox/Mac/Desktop/BackbaseAssessment/node_modules/lodash/lodash.js:3032:24)
                    at /Users/ddsouza/Dropbox/Mac/Desktop/BackbaseAssessment/node_modules/lodash/lodash.js:4936:18
                    at Function.forEach (/Users/ddsouza/Dropbox/Mac/Desktop/BackbaseAssessment/node_modules/lodash/lodash.js:9410:14)
                    at Jasmine2ScreenShotReporter.specDone (/Users/ddsouza/Dropbox/Mac/Desktop/BackbaseAssessment/node_modules/protractor-jasmine2-screenshot-reporter/index.js:596:7)</stack-trace>
            </failure>
        </test-case>
        <test-case start='1636929564738' status='failed' stop='1636929564749'>
            <name>Mark Article as favourite</name>
            <title>Mark Article as favourite</title>
            <labels/>
            <parameters/>
            <steps/>
            <attachments/>
            <failure>
                <message>NoSuchWindowError: no such window: target window already closed
                from unknown error: web view not found
                  (Session info: chrome=95.0.4638.69)
                  (Driver info: chromedriver=95.0.4638.69 (6a1600ed572fedecd573b6c2b90a22fe6392a410-refs/branch-heads/4638@{#984}),platform=Mac OS X 11.5.2 x86_64)</message>
                <stack-trace>NoSuchWindowError: no such window: target window already closed
                from unknown error: web view not found
                  (Session info: chrome=95.0.4638.69)
                  (Driver info: chromedriver=95.0.4638.69 (6a1600ed572fedecd573b6c2b90a22fe6392a410-refs/branch-heads/4638@{#984}),platform=Mac OS X 11.5.2 x86_64)
                    at Object.checkLegacyResponse (/Users/ddsouza/Dropbox/Mac/Desktop/BackbaseAssessment/node_modules/selenium-webdriver/lib/error.js:546:15)
                    at parseHttpResponse (/Users/ddsouza/Dropbox/Mac/Desktop/BackbaseAssessment/node_modules/selenium-webdriver/lib/http.js:509:13)
                    at /Users/ddsouza/Dropbox/Mac/Desktop/BackbaseAssessment/node_modules/selenium-webdriver/lib/http.js:441:30
                    at processTicksAndRejections (node:internal/process/task_queues:96:5)
                From: Task: WebDriver.takeScreenshot()
                    at Driver.schedule (/Users/ddsouza/Dropbox/Mac/Desktop/BackbaseAssessment/node_modules/selenium-webdriver/lib/webdriver.js:807:17)
                    at Driver.takeScreenshot (/Users/ddsouza/Dropbox/Mac/Desktop/BackbaseAssessment/node_modules/selenium-webdriver/lib/webdriver.js:1085:17)
                    at run (/Users/ddsouza/Dropbox/Mac/Desktop/BackbaseAssessment/node_modules/protractor/built/browser.js:58:33)
                    at ProtractorBrowser.to.&lt;computed> [as takeScreenshot] (/Users/ddsouza/Dropbox/Mac/Desktop/BackbaseAssessment/node_modules/protractor/built/browser.js:66:16)
                    at /Users/ddsouza/Dropbox/Mac/Desktop/BackbaseAssessment/node_modules/protractor-jasmine2-screenshot-reporter/index.js:600:23
                    at /Users/ddsouza/Dropbox/Mac/Desktop/BackbaseAssessment/node_modules/lodash/lodash.js:4967:15
                    at baseForOwn (/Users/ddsouza/Dropbox/Mac/Desktop/BackbaseAssessment/node_modules/lodash/lodash.js:3032:24)
                    at /Users/ddsouza/Dropbox/Mac/Desktop/BackbaseAssessment/node_modules/lodash/lodash.js:4936:18
                    at Function.forEach (/Users/ddsouza/Dropbox/Mac/Desktop/BackbaseAssessment/node_modules/lodash/lodash.js:9410:14)
                    at Jasmine2ScreenShotReporter.specDone (/Users/ddsouza/Dropbox/Mac/Desktop/BackbaseAssessment/node_modules/protractor-jasmine2-screenshot-reporter/index.js:596:7)</stack-trace>
            </failure>
        </test-case>
    </test-cases>
</ns2:test-suite>